<?xml version="1.0" encoding="UTF-8"?>
<!-- Generated by org.testng.reporters.JUnitReportReporter -->
<testsuite hostname="Rakeshs-MacBook-Pro-2.local" failures="0" tests="1" name="test.PolicyJourneyTest" time="15.008" errors="0" timestamp="2024-03-14T13:44:10 GST" skipped="0">
  <testcase classname="test.PolicyJourneyTest" name="policyJourneyTest" time="15.008"/>
</testsuite> <!-- test.PolicyJourneyTest -->
